     时间: 2021-11-05 00:00:10.5354
     路由: 
     级别: Info
     信息: Starting IdentityServer4 version 3.1.4.0
     堆栈跟踪信息: 
     
     ************************************************     

     时间: 2021-11-05 00:00:10.6606
     路由: 
     级别: Info
     信息: You are using the in-memory version of the persisted grant store. This will store consent decisions, authorization codes, refresh and reference tokens in memory only. If you are using any of those features in production, you want to switch to a different store implementation.
     堆栈跟踪信息: 
     
     ************************************************     

     时间: 2021-11-05 00:00:10.6784
     路由: 
     级别: Info
     信息: Using the default authentication scheme Bearer for IdentityServer
     堆栈跟踪信息: 
     
     ************************************************     

     时间: 2021-11-05 00:00:10.6784
     路由: 
     级别: Info
     信息: Authentication scheme Bearer is configured for IdentityServer, but it is not a scheme that supports signin (like cookies). If you support interactive logins via the browser, then a cookie-based scheme should be used.
     堆栈跟踪信息: 
     
     ************************************************     

     时间: 2021-11-05 00:00:16.3236
     路由: http://127.0.0.1/.well-known/openid-configuration
     级别: Info
     信息: Invoking IdentityServer endpoint: IdentityServer4.Endpoints.DiscoveryEndpoint for /.well-known/openid-configuration
     堆栈跟踪信息: 
     
     ************************************************     

     时间: 2021-11-05 00:00:16.5675
     路由: http://127.0.0.1/.well-known/openid-configuration/jwks
     级别: Info
     信息: Invoking IdentityServer endpoint: IdentityServer4.Endpoints.DiscoveryKeyEndpoint for /.well-known/openid-configuration/jwks
     堆栈跟踪信息: 
     
     ************************************************     

     时间: 2021-11-05 00:00:16.9275
     路由: http://localhost/api/Background/Book/GetBookList
     级别: Error
     信息: 全局异常{系统编号:1;主机IP:::1;异常接口:/api/Background/Book/GetBookList; 异常描述:An exception was thrown while activating SFBMS.Service.BookModule.Implement.BookService.}
     堆栈跟踪信息: 
     
     ************************************************     

     时间: 2021-11-05 00:01:26.3578
     路由: 
     级别: Info
     信息: Starting IdentityServer4 version 3.1.4.0
     堆栈跟踪信息: 
     
     ************************************************     

     时间: 2021-11-05 00:01:26.4334
     路由: 
     级别: Info
     信息: You are using the in-memory version of the persisted grant store. This will store consent decisions, authorization codes, refresh and reference tokens in memory only. If you are using any of those features in production, you want to switch to a different store implementation.
     堆栈跟踪信息: 
     
     ************************************************     

     时间: 2021-11-05 00:01:26.4334
     路由: 
     级别: Info
     信息: Using the default authentication scheme Bearer for IdentityServer
     堆栈跟踪信息: 
     
     ************************************************     

     时间: 2021-11-05 00:01:26.4439
     路由: 
     级别: Info
     信息: Authentication scheme Bearer is configured for IdentityServer, but it is not a scheme that supports signin (like cookies). If you support interactive logins via the browser, then a cookie-based scheme should be used.
     堆栈跟踪信息: 
     
     ************************************************     

     时间: 2021-11-05 00:01:35.9607
     路由: http://127.0.0.1/.well-known/openid-configuration
     级别: Info
     信息: Invoking IdentityServer endpoint: IdentityServer4.Endpoints.DiscoveryEndpoint for /.well-known/openid-configuration
     堆栈跟踪信息: 
     
     ************************************************     

     时间: 2021-11-05 00:01:36.1556
     路由: http://127.0.0.1/.well-known/openid-configuration/jwks
     级别: Info
     信息: Invoking IdentityServer endpoint: IdentityServer4.Endpoints.DiscoveryKeyEndpoint for /.well-known/openid-configuration/jwks
     堆栈跟踪信息: 
     
     ************************************************     

     时间: 2021-11-05 00:02:07.8187
     路由: 
     级别: Info
     信息: Starting IdentityServer4 version 3.1.4.0
     堆栈跟踪信息: 
     
     ************************************************     

     时间: 2021-11-05 00:02:07.8826
     路由: 
     级别: Info
     信息: You are using the in-memory version of the persisted grant store. This will store consent decisions, authorization codes, refresh and reference tokens in memory only. If you are using any of those features in production, you want to switch to a different store implementation.
     堆栈跟踪信息: 
     
     ************************************************     

     时间: 2021-11-05 00:02:07.8956
     路由: 
     级别: Info
     信息: Using the default authentication scheme Bearer for IdentityServer
     堆栈跟踪信息: 
     
     ************************************************     

     时间: 2021-11-05 00:02:07.8956
     路由: 
     级别: Info
     信息: Authentication scheme Bearer is configured for IdentityServer, but it is not a scheme that supports signin (like cookies). If you support interactive logins via the browser, then a cookie-based scheme should be used.
     堆栈跟踪信息: 
     
     ************************************************     

     时间: 2021-11-05 00:02:13.0475
     路由: http://127.0.0.1/.well-known/openid-configuration
     级别: Info
     信息: Invoking IdentityServer endpoint: IdentityServer4.Endpoints.DiscoveryEndpoint for /.well-known/openid-configuration
     堆栈跟踪信息: 
     
     ************************************************     

     时间: 2021-11-05 00:02:13.2374
     路由: http://127.0.0.1/.well-known/openid-configuration/jwks
     级别: Info
     信息: Invoking IdentityServer endpoint: IdentityServer4.Endpoints.DiscoveryKeyEndpoint for /.well-known/openid-configuration/jwks
     堆栈跟踪信息: 
     
     ************************************************     

     时间: 2021-11-05 00:03:54.4045
     路由: 
     级别: Info
     信息: Starting IdentityServer4 version 3.1.4.0
     堆栈跟踪信息: 
     
     ************************************************     

     时间: 2021-11-05 00:03:54.4676
     路由: 
     级别: Info
     信息: You are using the in-memory version of the persisted grant store. This will store consent decisions, authorization codes, refresh and reference tokens in memory only. If you are using any of those features in production, you want to switch to a different store implementation.
     堆栈跟踪信息: 
     
     ************************************************     

     时间: 2021-11-05 00:03:54.4794
     路由: 
     级别: Info
     信息: Using the default authentication scheme Bearer for IdentityServer
     堆栈跟踪信息: 
     
     ************************************************     

     时间: 2021-11-05 00:03:54.4794
     路由: 
     级别: Info
     信息: Authentication scheme Bearer is configured for IdentityServer, but it is not a scheme that supports signin (like cookies). If you support interactive logins via the browser, then a cookie-based scheme should be used.
     堆栈跟踪信息: 
     
     ************************************************     

     时间: 2021-11-05 00:03:58.7778
     路由: http://127.0.0.1/.well-known/openid-configuration
     级别: Info
     信息: Invoking IdentityServer endpoint: IdentityServer4.Endpoints.DiscoveryEndpoint for /.well-known/openid-configuration
     堆栈跟踪信息: 
     
     ************************************************     

     时间: 2021-11-05 00:03:59.0012
     路由: http://127.0.0.1/.well-known/openid-configuration/jwks
     级别: Info
     信息: Invoking IdentityServer endpoint: IdentityServer4.Endpoints.DiscoveryKeyEndpoint for /.well-known/openid-configuration/jwks
     堆栈跟踪信息: 
     
     ************************************************     

     时间: 2021-11-05 00:03:59.3122
     路由: http://localhost/api/Background/Book/ImportBooks
     级别: Error
     信息: 全局异常{系统编号:1;主机IP:::1;异常接口:/api/Background/Book/ImportBooks; 异常描述:An exception was thrown while activating SFBMS.Service.BookModule.Implement.BookService.}
     堆栈跟踪信息: 
     
     ************************************************     

     时间: 2021-11-05 00:05:08.8260
     路由: 
     级别: Info
     信息: Starting IdentityServer4 version 3.1.4.0
     堆栈跟踪信息: 
     
     ************************************************     

     时间: 2021-11-05 00:05:08.8846
     路由: 
     级别: Info
     信息: You are using the in-memory version of the persisted grant store. This will store consent decisions, authorization codes, refresh and reference tokens in memory only. If you are using any of those features in production, you want to switch to a different store implementation.
     堆栈跟踪信息: 
     
     ************************************************     

     时间: 2021-11-05 00:05:08.8959
     路由: 
     级别: Info
     信息: Using the default authentication scheme Bearer for IdentityServer
     堆栈跟踪信息: 
     
     ************************************************     

     时间: 2021-11-05 00:05:08.8959
     路由: 
     级别: Info
     信息: Authentication scheme Bearer is configured for IdentityServer, but it is not a scheme that supports signin (like cookies). If you support interactive logins via the browser, then a cookie-based scheme should be used.
     堆栈跟踪信息: 
     
     ************************************************     

     时间: 2021-11-05 00:05:22.2276
     路由: http://127.0.0.1/.well-known/openid-configuration
     级别: Info
     信息: Invoking IdentityServer endpoint: IdentityServer4.Endpoints.DiscoveryEndpoint for /.well-known/openid-configuration
     堆栈跟踪信息: 
     
     ************************************************     

     时间: 2021-11-05 00:05:22.4102
     路由: http://127.0.0.1/.well-known/openid-configuration/jwks
     级别: Info
     信息: Invoking IdentityServer endpoint: IdentityServer4.Endpoints.DiscoveryKeyEndpoint for /.well-known/openid-configuration/jwks
     堆栈跟踪信息: 
     
     ************************************************     

     时间: 2021-11-05 00:05:49.3763
     路由: 
     级别: Info
     信息: Starting IdentityServer4 version 3.1.4.0
     堆栈跟踪信息: 
     
     ************************************************     

     时间: 2021-11-05 00:05:49.4483
     路由: 
     级别: Info
     信息: You are using the in-memory version of the persisted grant store. This will store consent decisions, authorization codes, refresh and reference tokens in memory only. If you are using any of those features in production, you want to switch to a different store implementation.
     堆栈跟踪信息: 
     
     ************************************************     

     时间: 2021-11-05 00:05:49.4483
     路由: 
     级别: Info
     信息: Using the default authentication scheme Bearer for IdentityServer
     堆栈跟踪信息: 
     
     ************************************************     

     时间: 2021-11-05 00:05:49.4587
     路由: 
     级别: Info
     信息: Authentication scheme Bearer is configured for IdentityServer, but it is not a scheme that supports signin (like cookies). If you support interactive logins via the browser, then a cookie-based scheme should be used.
     堆栈跟踪信息: 
     
     ************************************************     

     时间: 2021-11-05 00:06:02.8241
     路由: http://127.0.0.1/.well-known/openid-configuration
     级别: Info
     信息: Invoking IdentityServer endpoint: IdentityServer4.Endpoints.DiscoveryEndpoint for /.well-known/openid-configuration
     堆栈跟踪信息: 
     
     ************************************************     

     时间: 2021-11-05 00:06:03.0289
     路由: http://127.0.0.1/.well-known/openid-configuration/jwks
     级别: Info
     信息: Invoking IdentityServer endpoint: IdentityServer4.Endpoints.DiscoveryKeyEndpoint for /.well-known/openid-configuration/jwks
     堆栈跟踪信息: 
     
     ************************************************     

     时间: 2021-11-05 00:06:03.2889
     路由: http://localhost/api/Background/Book/GetBookList
     级别: Error
     信息: 全局异常{系统编号:1;主机IP:::1;异常接口:/api/Background/Book/GetBookList; 异常描述:An exception was thrown while activating SFBMS.Service.BookModule.Implement.BookService.}
     堆栈跟踪信息: 
     
     ************************************************     

     时间: 2021-11-05 00:08:01.1604
     路由: 
     级别: Info
     信息: Starting IdentityServer4 version 3.1.4.0
     堆栈跟踪信息: 
     
     ************************************************     

     时间: 2021-11-05 00:08:01.2421
     路由: 
     级别: Info
     信息: You are using the in-memory version of the persisted grant store. This will store consent decisions, authorization codes, refresh and reference tokens in memory only. If you are using any of those features in production, you want to switch to a different store implementation.
     堆栈跟踪信息: 
     
     ************************************************     

     时间: 2021-11-05 00:08:01.2552
     路由: 
     级别: Info
     信息: Using the default authentication scheme Bearer for IdentityServer
     堆栈跟踪信息: 
     
     ************************************************     

     时间: 2021-11-05 00:08:01.2552
     路由: 
     级别: Info
     信息: Authentication scheme Bearer is configured for IdentityServer, but it is not a scheme that supports signin (like cookies). If you support interactive logins via the browser, then a cookie-based scheme should be used.
     堆栈跟踪信息: 
     
     ************************************************     

     时间: 2021-11-05 00:08:10.5237
     路由: http://127.0.0.1/.well-known/openid-configuration
     级别: Info
     信息: Invoking IdentityServer endpoint: IdentityServer4.Endpoints.DiscoveryEndpoint for /.well-known/openid-configuration
     堆栈跟踪信息: 
     
     ************************************************     

     时间: 2021-11-05 00:08:10.6998
     路由: http://127.0.0.1/.well-known/openid-configuration/jwks
     级别: Info
     信息: Invoking IdentityServer endpoint: IdentityServer4.Endpoints.DiscoveryKeyEndpoint for /.well-known/openid-configuration/jwks
     堆栈跟踪信息: 
     
     ************************************************     

     时间: 2021-11-05 00:10:40.8647
     路由: 
     级别: Info
     信息: Starting IdentityServer4 version 3.1.4.0
     堆栈跟踪信息: 
     
     ************************************************     

     时间: 2021-11-05 00:10:40.9220
     路由: 
     级别: Info
     信息: You are using the in-memory version of the persisted grant store. This will store consent decisions, authorization codes, refresh and reference tokens in memory only. If you are using any of those features in production, you want to switch to a different store implementation.
     堆栈跟踪信息: 
     
     ************************************************     

     时间: 2021-11-05 00:10:40.9358
     路由: 
     级别: Info
     信息: Using the default authentication scheme Bearer for IdentityServer
     堆栈跟踪信息: 
     
     ************************************************     

     时间: 2021-11-05 00:10:40.9358
     路由: 
     级别: Info
     信息: Authentication scheme Bearer is configured for IdentityServer, but it is not a scheme that supports signin (like cookies). If you support interactive logins via the browser, then a cookie-based scheme should be used.
     堆栈跟踪信息: 
     
     ************************************************     

     时间: 2021-11-05 00:10:48.5014
     路由: http://127.0.0.1/.well-known/openid-configuration
     级别: Info
     信息: Invoking IdentityServer endpoint: IdentityServer4.Endpoints.DiscoveryEndpoint for /.well-known/openid-configuration
     堆栈跟踪信息: 
     
     ************************************************     

     时间: 2021-11-05 00:10:48.7539
     路由: http://127.0.0.1/.well-known/openid-configuration/jwks
     级别: Info
     信息: Invoking IdentityServer endpoint: IdentityServer4.Endpoints.DiscoveryKeyEndpoint for /.well-known/openid-configuration/jwks
     堆栈跟踪信息: 
     
     ************************************************     

