     时间: 2021-11-02 16:28:43.8339
     路由: 
     级别: Info
     信息: Starting IdentityServer4 version 3.1.4.0
     堆栈跟踪信息: 
     
     ************************************************     

     时间: 2021-11-02 16:28:43.8944
     路由: 
     级别: Info
     信息: You are using the in-memory version of the persisted grant store. This will store consent decisions, authorization codes, refresh and reference tokens in memory only. If you are using any of those features in production, you want to switch to a different store implementation.
     堆栈跟踪信息: 
     
     ************************************************     

     时间: 2021-11-02 16:28:43.9082
     路由: 
     级别: Info
     信息: Using the default authentication scheme Bearer for IdentityServer
     堆栈跟踪信息: 
     
     ************************************************     

     时间: 2021-11-02 16:28:43.9111
     路由: 
     级别: Info
     信息: Authentication scheme Bearer is configured for IdentityServer, but it is not a scheme that supports signin (like cookies). If you support interactive logins via the browser, then a cookie-based scheme should be used.
     堆栈跟踪信息: 
     
     ************************************************     

     时间: 2021-11-02 16:29:22.8800
     路由: http://127.0.0.1/.well-known/openid-configuration
     级别: Info
     信息: Invoking IdentityServer endpoint: IdentityServer4.Endpoints.DiscoveryEndpoint for /.well-known/openid-configuration
     堆栈跟踪信息: 
     
     ************************************************     

     时间: 2021-11-02 16:29:23.0255
     路由: http://127.0.0.1/.well-known/openid-configuration/jwks
     级别: Info
     信息: Invoking IdentityServer endpoint: IdentityServer4.Endpoints.DiscoveryKeyEndpoint for /.well-known/openid-configuration/jwks
     堆栈跟踪信息: 
     
     ************************************************     

     时间: 2021-11-02 16:31:34.8499
     路由: 
     级别: Info
     信息: Starting IdentityServer4 version 3.1.4.0
     堆栈跟踪信息: 
     
     ************************************************     

     时间: 2021-11-02 16:31:34.9194
     路由: 
     级别: Info
     信息: You are using the in-memory version of the persisted grant store. This will store consent decisions, authorization codes, refresh and reference tokens in memory only. If you are using any of those features in production, you want to switch to a different store implementation.
     堆栈跟踪信息: 
     
     ************************************************     

     时间: 2021-11-02 16:31:34.9277
     路由: 
     级别: Info
     信息: Using the default authentication scheme Bearer for IdentityServer
     堆栈跟踪信息: 
     
     ************************************************     

     时间: 2021-11-02 16:31:34.9277
     路由: 
     级别: Info
     信息: Authentication scheme Bearer is configured for IdentityServer, but it is not a scheme that supports signin (like cookies). If you support interactive logins via the browser, then a cookie-based scheme should be used.
     堆栈跟踪信息: 
     
     ************************************************     

     时间: 2021-11-02 16:31:39.1321
     路由: http://127.0.0.1/.well-known/openid-configuration
     级别: Info
     信息: Invoking IdentityServer endpoint: IdentityServer4.Endpoints.DiscoveryEndpoint for /.well-known/openid-configuration
     堆栈跟踪信息: 
     
     ************************************************     

     时间: 2021-11-02 16:31:39.3360
     路由: http://127.0.0.1/.well-known/openid-configuration/jwks
     级别: Info
     信息: Invoking IdentityServer endpoint: IdentityServer4.Endpoints.DiscoveryKeyEndpoint for /.well-known/openid-configuration/jwks
     堆栈跟踪信息: 
     
     ************************************************     

     时间: 2021-11-02 16:31:39.5497
     路由: http://localhost/api/Background/Client/GetClientList
     级别: Error
     信息: 全局异常{系统编号：1;主机IP：::1;异常Uri：/api/Background/Client/GetClientList; 异常描述：Unable to resolve service for type 'SFBMS.Service.ClientModule.IClientService' while attempting to activate 'SFBMS.WebAPI.Controllers.ClientModule.ClientController'.}
     堆栈跟踪信息: 
     
     ************************************************     

     时间: 2021-11-02 16:32:45.2104
     路由: 
     级别: Info
     信息: Starting IdentityServer4 version 3.1.4.0
     堆栈跟踪信息: 
     
     ************************************************     

     时间: 2021-11-02 16:32:45.2824
     路由: 
     级别: Info
     信息: You are using the in-memory version of the persisted grant store. This will store consent decisions, authorization codes, refresh and reference tokens in memory only. If you are using any of those features in production, you want to switch to a different store implementation.
     堆栈跟踪信息: 
     
     ************************************************     

     时间: 2021-11-02 16:32:45.2939
     路由: 
     级别: Info
     信息: Using the default authentication scheme Bearer for IdentityServer
     堆栈跟踪信息: 
     
     ************************************************     

     时间: 2021-11-02 16:32:45.2939
     路由: 
     级别: Info
     信息: Authentication scheme Bearer is configured for IdentityServer, but it is not a scheme that supports signin (like cookies). If you support interactive logins via the browser, then a cookie-based scheme should be used.
     堆栈跟踪信息: 
     
     ************************************************     

     时间: 2021-11-02 16:32:53.7701
     路由: http://127.0.0.1/.well-known/openid-configuration
     级别: Info
     信息: Invoking IdentityServer endpoint: IdentityServer4.Endpoints.DiscoveryEndpoint for /.well-known/openid-configuration
     堆栈跟踪信息: 
     
     ************************************************     

     时间: 2021-11-02 16:32:53.9664
     路由: http://127.0.0.1/.well-known/openid-configuration/jwks
     级别: Info
     信息: Invoking IdentityServer endpoint: IdentityServer4.Endpoints.DiscoveryKeyEndpoint for /.well-known/openid-configuration/jwks
     堆栈跟踪信息: 
     
     ************************************************     

     时间: 2021-11-02 16:33:16.7998
     路由: 
     级别: Info
     信息: Starting IdentityServer4 version 3.1.4.0
     堆栈跟踪信息: 
     
     ************************************************     

     时间: 2021-11-02 16:33:16.8528
     路由: 
     级别: Info
     信息: You are using the in-memory version of the persisted grant store. This will store consent decisions, authorization codes, refresh and reference tokens in memory only. If you are using any of those features in production, you want to switch to a different store implementation.
     堆栈跟踪信息: 
     
     ************************************************     

     时间: 2021-11-02 16:33:16.8528
     路由: 
     级别: Info
     信息: Using the default authentication scheme Bearer for IdentityServer
     堆栈跟踪信息: 
     
     ************************************************     

     时间: 2021-11-02 16:33:16.8660
     路由: 
     级别: Info
     信息: Authentication scheme Bearer is configured for IdentityServer, but it is not a scheme that supports signin (like cookies). If you support interactive logins via the browser, then a cookie-based scheme should be used.
     堆栈跟踪信息: 
     
     ************************************************     

     时间: 2021-11-02 16:33:20.2662
     路由: http://127.0.0.1/.well-known/openid-configuration
     级别: Info
     信息: Invoking IdentityServer endpoint: IdentityServer4.Endpoints.DiscoveryEndpoint for /.well-known/openid-configuration
     堆栈跟踪信息: 
     
     ************************************************     

     时间: 2021-11-02 16:33:20.4277
     路由: http://127.0.0.1/.well-known/openid-configuration/jwks
     级别: Info
     信息: Invoking IdentityServer endpoint: IdentityServer4.Endpoints.DiscoveryKeyEndpoint for /.well-known/openid-configuration/jwks
     堆栈跟踪信息: 
     
     ************************************************     

     时间: 2021-11-02 16:37:49.7790
     路由: 
     级别: Info
     信息: Starting IdentityServer4 version 3.1.4.0
     堆栈跟踪信息: 
     
     ************************************************     

     时间: 2021-11-02 16:37:49.8458
     路由: 
     级别: Info
     信息: You are using the in-memory version of the persisted grant store. This will store consent decisions, authorization codes, refresh and reference tokens in memory only. If you are using any of those features in production, you want to switch to a different store implementation.
     堆栈跟踪信息: 
     
     ************************************************     

     时间: 2021-11-02 16:37:49.8589
     路由: 
     级别: Info
     信息: Using the default authentication scheme Bearer for IdentityServer
     堆栈跟踪信息: 
     
     ************************************************     

     时间: 2021-11-02 16:37:49.8589
     路由: 
     级别: Info
     信息: Authentication scheme Bearer is configured for IdentityServer, but it is not a scheme that supports signin (like cookies). If you support interactive logins via the browser, then a cookie-based scheme should be used.
     堆栈跟踪信息: 
     
     ************************************************     

     时间: 2021-11-02 16:37:58.7324
     路由: http://127.0.0.1/.well-known/openid-configuration
     级别: Info
     信息: Invoking IdentityServer endpoint: IdentityServer4.Endpoints.DiscoveryEndpoint for /.well-known/openid-configuration
     堆栈跟踪信息: 
     
     ************************************************     

     时间: 2021-11-02 16:37:58.8938
     路由: http://127.0.0.1/.well-known/openid-configuration/jwks
     级别: Info
     信息: Invoking IdentityServer endpoint: IdentityServer4.Endpoints.DiscoveryKeyEndpoint for /.well-known/openid-configuration/jwks
     堆栈跟踪信息: 
     
     ************************************************     

     时间: 2021-11-02 16:38:28.7591
     路由: 
     级别: Info
     信息: Starting IdentityServer4 version 3.1.4.0
     堆栈跟踪信息: 
     
     ************************************************     

     时间: 2021-11-02 16:38:28.8134
     路由: 
     级别: Info
     信息: You are using the in-memory version of the persisted grant store. This will store consent decisions, authorization codes, refresh and reference tokens in memory only. If you are using any of those features in production, you want to switch to a different store implementation.
     堆栈跟踪信息: 
     
     ************************************************     

     时间: 2021-11-02 16:38:28.8227
     路由: 
     级别: Info
     信息: Using the default authentication scheme Bearer for IdentityServer
     堆栈跟踪信息: 
     
     ************************************************     

     时间: 2021-11-02 16:38:28.8227
     路由: 
     级别: Info
     信息: Authentication scheme Bearer is configured for IdentityServer, but it is not a scheme that supports signin (like cookies). If you support interactive logins via the browser, then a cookie-based scheme should be used.
     堆栈跟踪信息: 
     
     ************************************************     

     时间: 2021-11-02 16:38:36.8337
     路由: http://127.0.0.1/.well-known/openid-configuration
     级别: Info
     信息: Invoking IdentityServer endpoint: IdentityServer4.Endpoints.DiscoveryEndpoint for /.well-known/openid-configuration
     堆栈跟踪信息: 
     
     ************************************************     

     时间: 2021-11-02 16:38:37.0034
     路由: http://127.0.0.1/.well-known/openid-configuration/jwks
     级别: Info
     信息: Invoking IdentityServer endpoint: IdentityServer4.Endpoints.DiscoveryKeyEndpoint for /.well-known/openid-configuration/jwks
     堆栈跟踪信息: 
     
     ************************************************     

     时间: 2021-11-02 16:45:29.9920
     路由: 
     级别: Info
     信息: Starting IdentityServer4 version 3.1.4.0
     堆栈跟踪信息: 
     
     ************************************************     

     时间: 2021-11-02 16:45:30.0613
     路由: 
     级别: Info
     信息: You are using the in-memory version of the persisted grant store. This will store consent decisions, authorization codes, refresh and reference tokens in memory only. If you are using any of those features in production, you want to switch to a different store implementation.
     堆栈跟踪信息: 
     
     ************************************************     

     时间: 2021-11-02 16:45:30.0712
     路由: 
     级别: Info
     信息: Using the default authentication scheme Bearer for IdentityServer
     堆栈跟踪信息: 
     
     ************************************************     

     时间: 2021-11-02 16:45:30.0712
     路由: 
     级别: Info
     信息: Authentication scheme Bearer is configured for IdentityServer, but it is not a scheme that supports signin (like cookies). If you support interactive logins via the browser, then a cookie-based scheme should be used.
     堆栈跟踪信息: 
     
     ************************************************     

     时间: 2021-11-02 16:46:00.5532
     路由: http://127.0.0.1/.well-known/openid-configuration
     级别: Info
     信息: Invoking IdentityServer endpoint: IdentityServer4.Endpoints.DiscoveryEndpoint for /.well-known/openid-configuration
     堆栈跟踪信息: 
     
     ************************************************     

     时间: 2021-11-02 16:46:00.6837
     路由: http://127.0.0.1/.well-known/openid-configuration/jwks
     级别: Info
     信息: Invoking IdentityServer endpoint: IdentityServer4.Endpoints.DiscoveryKeyEndpoint for /.well-known/openid-configuration/jwks
     堆栈跟踪信息: 
     
     ************************************************     

     时间: 2021-11-02 16:46:00.9395
     路由: http://127.0.0.1/connect/token
     级别: Info
     信息: Invoking IdentityServer endpoint: IdentityServer4.Endpoints.TokenEndpoint for /connect/token
     堆栈跟踪信息: 
     
     ************************************************     

     时间: 2021-11-02 16:46:02.5515
     路由: http://127.0.0.1/connect/token
     级别: Info
     信息: Token request validation success, {"ClientId":"Sunflower", "GrantType":"password", "Scopes":"background client", "UserName":"luo", "Raw":{"grant_type":"password","username":"luo","password":"***REDACTED***","scope":"client background","client_id":"Sunflower","client_secret":"***REDACTED***"}}
     堆栈跟踪信息: 
     
     ************************************************     

     时间: 2021-11-02 17:27:30.7593
     路由: 
     级别: Info
     信息: Starting IdentityServer4 version 3.1.4.0
     堆栈跟踪信息: 
     
     ************************************************     

     时间: 2021-11-02 17:27:30.8222
     路由: 
     级别: Info
     信息: You are using the in-memory version of the persisted grant store. This will store consent decisions, authorization codes, refresh and reference tokens in memory only. If you are using any of those features in production, you want to switch to a different store implementation.
     堆栈跟踪信息: 
     
     ************************************************     

     时间: 2021-11-02 17:27:30.8222
     路由: 
     级别: Info
     信息: Using the default authentication scheme Bearer for IdentityServer
     堆栈跟踪信息: 
     
     ************************************************     

     时间: 2021-11-02 17:27:30.8355
     路由: 
     级别: Info
     信息: Authentication scheme Bearer is configured for IdentityServer, but it is not a scheme that supports signin (like cookies). If you support interactive logins via the browser, then a cookie-based scheme should be used.
     堆栈跟踪信息: 
     
     ************************************************     

     时间: 2021-11-02 17:27:38.1188
     路由: http://127.0.0.1/.well-known/openid-configuration
     级别: Info
     信息: Invoking IdentityServer endpoint: IdentityServer4.Endpoints.DiscoveryEndpoint for /.well-known/openid-configuration
     堆栈跟踪信息: 
     
     ************************************************     

     时间: 2021-11-02 17:27:38.2731
     路由: http://127.0.0.1/.well-known/openid-configuration/jwks
     级别: Info
     信息: Invoking IdentityServer endpoint: IdentityServer4.Endpoints.DiscoveryKeyEndpoint for /.well-known/openid-configuration/jwks
     堆栈跟踪信息: 
     
     ************************************************     

     时间: 2021-11-02 18:16:21.9425
     路由: 
     级别: Info
     信息: Starting IdentityServer4 version 3.1.4.0
     堆栈跟踪信息: 
     
     ************************************************     

     时间: 2021-11-02 18:16:22.0056
     路由: 
     级别: Info
     信息: You are using the in-memory version of the persisted grant store. This will store consent decisions, authorization codes, refresh and reference tokens in memory only. If you are using any of those features in production, you want to switch to a different store implementation.
     堆栈跟踪信息: 
     
     ************************************************     

     时间: 2021-11-02 18:16:22.0056
     路由: 
     级别: Info
     信息: Using the default authentication scheme Bearer for IdentityServer
     堆栈跟踪信息: 
     
     ************************************************     

     时间: 2021-11-02 18:16:22.0224
     路由: 
     级别: Info
     信息: Authentication scheme Bearer is configured for IdentityServer, but it is not a scheme that supports signin (like cookies). If you support interactive logins via the browser, then a cookie-based scheme should be used.
     堆栈跟踪信息: 
     
     ************************************************     

     时间: 2021-11-02 18:16:41.4426
     路由: http://127.0.0.1/.well-known/openid-configuration
     级别: Info
     信息: Invoking IdentityServer endpoint: IdentityServer4.Endpoints.DiscoveryEndpoint for /.well-known/openid-configuration
     堆栈跟踪信息: 
     
     ************************************************     

     时间: 2021-11-02 18:16:41.5806
     路由: http://127.0.0.1/.well-known/openid-configuration/jwks
     级别: Info
     信息: Invoking IdentityServer endpoint: IdentityServer4.Endpoints.DiscoveryKeyEndpoint for /.well-known/openid-configuration/jwks
     堆栈跟踪信息: 
     
     ************************************************     

     时间: 2021-11-02 18:17:45.3764
     路由: 
     级别: Info
     信息: Starting IdentityServer4 version 3.1.4.0
     堆栈跟踪信息: 
     
     ************************************************     

     时间: 2021-11-02 18:17:45.4471
     路由: 
     级别: Info
     信息: You are using the in-memory version of the persisted grant store. This will store consent decisions, authorization codes, refresh and reference tokens in memory only. If you are using any of those features in production, you want to switch to a different store implementation.
     堆栈跟踪信息: 
     
     ************************************************     

     时间: 2021-11-02 18:17:45.4471
     路由: 
     级别: Info
     信息: Using the default authentication scheme Bearer for IdentityServer
     堆栈跟踪信息: 
     
     ************************************************     

     时间: 2021-11-02 18:17:45.4596
     路由: 
     级别: Info
     信息: Authentication scheme Bearer is configured for IdentityServer, but it is not a scheme that supports signin (like cookies). If you support interactive logins via the browser, then a cookie-based scheme should be used.
     堆栈跟踪信息: 
     
     ************************************************     

     时间: 2021-11-02 18:17:51.0820
     路由: http://127.0.0.1/.well-known/openid-configuration
     级别: Info
     信息: Invoking IdentityServer endpoint: IdentityServer4.Endpoints.DiscoveryEndpoint for /.well-known/openid-configuration
     堆栈跟踪信息: 
     
     ************************************************     

     时间: 2021-11-02 18:17:51.2699
     路由: http://127.0.0.1/.well-known/openid-configuration/jwks
     级别: Info
     信息: Invoking IdentityServer endpoint: IdentityServer4.Endpoints.DiscoveryKeyEndpoint for /.well-known/openid-configuration/jwks
     堆栈跟踪信息: 
     
     ************************************************     

     时间: 2021-11-02 22:17:53.6351
     路由: 
     级别: Info
     信息: Starting IdentityServer4 version 3.1.4.0
     堆栈跟踪信息: 
     
     ************************************************     

     时间: 2021-11-02 22:17:53.7012
     路由: 
     级别: Info
     信息: You are using the in-memory version of the persisted grant store. This will store consent decisions, authorization codes, refresh and reference tokens in memory only. If you are using any of those features in production, you want to switch to a different store implementation.
     堆栈跟踪信息: 
     
     ************************************************     

     时间: 2021-11-02 22:17:53.7135
     路由: 
     级别: Info
     信息: Using the default authentication scheme Bearer for IdentityServer
     堆栈跟踪信息: 
     
     ************************************************     

     时间: 2021-11-02 22:17:53.7135
     路由: 
     级别: Info
     信息: Authentication scheme Bearer is configured for IdentityServer, but it is not a scheme that supports signin (like cookies). If you support interactive logins via the browser, then a cookie-based scheme should be used.
     堆栈跟踪信息: 
     
     ************************************************     

     时间: 2021-11-02 22:19:38.8020
     路由: 
     级别: Info
     信息: Starting IdentityServer4 version 3.1.4.0
     堆栈跟踪信息: 
     
     ************************************************     

     时间: 2021-11-02 22:19:38.8627
     路由: 
     级别: Info
     信息: You are using the in-memory version of the persisted grant store. This will store consent decisions, authorization codes, refresh and reference tokens in memory only. If you are using any of those features in production, you want to switch to a different store implementation.
     堆栈跟踪信息: 
     
     ************************************************     

     时间: 2021-11-02 22:19:38.8751
     路由: 
     级别: Info
     信息: Using the default authentication scheme Bearer for IdentityServer
     堆栈跟踪信息: 
     
     ************************************************     

     时间: 2021-11-02 22:19:38.8751
     路由: 
     级别: Info
     信息: Authentication scheme Bearer is configured for IdentityServer, but it is not a scheme that supports signin (like cookies). If you support interactive logins via the browser, then a cookie-based scheme should be used.
     堆栈跟踪信息: 
     
     ************************************************     

     时间: 2021-11-02 22:19:54.2594
     路由: http://127.0.0.1/.well-known/openid-configuration
     级别: Info
     信息: Invoking IdentityServer endpoint: IdentityServer4.Endpoints.DiscoveryEndpoint for /.well-known/openid-configuration
     堆栈跟踪信息: 
     
     ************************************************     

     时间: 2021-11-02 22:19:54.4107
     路由: http://127.0.0.1/.well-known/openid-configuration/jwks
     级别: Info
     信息: Invoking IdentityServer endpoint: IdentityServer4.Endpoints.DiscoveryKeyEndpoint for /.well-known/openid-configuration/jwks
     堆栈跟踪信息: 
     
     ************************************************     

     时间: 2021-11-02 22:20:30.0106
     路由: http://127.0.0.1/api/Background/Book/DeleteBooks
     级别: Error
     信息: 全局异常{系统编号：1;主机IP：127.0.0.1;异常Uri：/api/Background/Book/DeleteBooks; 异常描述：Object reference not set to an instance of an object.}
     堆栈跟踪信息: 
     
     ************************************************     

     时间: 2021-11-02 22:52:50.7274
     路由: http://127.0.0.1/connect/token
     级别: Info
     信息: Invoking IdentityServer endpoint: IdentityServer4.Endpoints.TokenEndpoint for /connect/token
     堆栈跟踪信息: 
     
     ************************************************     

     时间: 2021-11-02 22:52:51.0361
     路由: http://127.0.0.1/connect/token
     级别: Info
     信息: Token request validation success, {"ClientId":"Sunflower", "GrantType":"password", "Scopes":"background client", "UserName":"luo", "Raw":{"grant_type":"password","username":"luo","password":"***REDACTED***","scope":"client background","client_id":"Sunflower","client_secret":"***REDACTED***"}}
     堆栈跟踪信息: 
     
     ************************************************     

     时间: 2021-11-02 22:53:37.4457
     路由: http://127.0.0.1/api/Background/Book/UpdateBook
     级别: Error
     信息: 全局异常{系统编号：1;主机IP：127.0.0.1;异常Uri：/api/Background/Book/UpdateBook; 异常描述：An error occurred while updating the entries. See the inner exception for details.}
     堆栈跟踪信息: 
     
     ************************************************     

     时间: 2021-11-02 23:10:27.1808
     路由: http://127.0.0.1/api/Background/Book/GetBookList
     级别: Error
     信息: 全局异常{系统编号：1;主机IP：127.0.0.1;异常Uri：/api/Background/Book/GetBookList; 异常描述：Unexpected end of request content.}
     堆栈跟踪信息: 
     
     ************************************************     

